<?xml version="1.0" encoding="UTF-8"?>
<!-- Generated by org.testng.reporters.JUnitReportReporter -->
<testsuite skipped="0" hostname="BANL1501361d0.local" name="tests.FirstTest" tests="1" failures="0" timestamp="11 Jan 2020 13:24:04 GMT" time="57.305" errors="0">
  <testcase name="testOne" time="57.305" classname="tests.FirstTest"/>
</testsuite> <!-- tests.FirstTest -->
